<?xml version="1.0" encoding="UTF-8"?>
<testsuite xmlns:xsi="http://www.w3.org/2001/XMLSchema-instance" xsi:noNamespaceSchemaLocation="https://maven.apache.org/surefire/maven-surefire-plugin/xsd/surefire-test-report.xsd" name="tests.tab01_catalog.t03_all_products.positive.AllProducts02Test" time="320.134" tests="3" errors="0" skipped="0" failures="0">
  <properties>
[...]
</properties>
  <testcase name="addProductWithStatusApproved[18]" classname="tests.tab01_catalog.t03_all_products.positive.AllProducts02Test" time="13.929"/>
  <testcase name="addProductWithStatusApproved[19]" classname="tests.tab01_catalog.t03_all_products.positive.AllProducts02Test" time="9.444"/>
  <testcase name="addProductWithStatusApproved[20]" classname="tests.tab01_catalog.t03_all_products.positive.AllProducts02Test" time="9.28"/>
</testsuite>